build/app/intermediates/manifest_merge_blame_file/debug/manifest-merger-blame-debug-report.txt
1<?xml version="1.0" encoding="utf-8"?>
2<manifest xmlns:android="http://schemas.android.com/apk/res/android"
3    package="com.example.buildingmaterialusers"
4    android:versionCode="1"
5    android:versionName="1.0.0" >
6
7    <uses-sdk
8        android:minSdkVersion="21"
9        android:targetSdkVersion="35" />
10    <!--
11         The INTERNET permission is required for development. Specifically,
12         the Flutter tool needs it to communicate with the running application
13         to allow setting breakpoints, to provide hot reload, etc.
14    -->
15    <uses-permission android:name="android.permission.INTERNET" />
15-->src/debug/AndroidManifest.xml:6:5-66
15-->src/debug/AndroidManifest.xml:6:22-64
16    <!--
17     Required to query activities that can process text, see:
18         https://developer.android.com/training/package-visibility and
19         https://developer.android.com/reference/android/content/Intent#ACTION_PROCESS_TEXT.
20
21         In particular, this is used by the Flutter engine in io.flutter.plugin.text.ProcessTextPlugin.
22    -->
23    <queries>
23-->src/main/AndroidManifest.xml:39:5-44:15
24        <intent>
24-->src/main/AndroidManifest.xml:40:9-43:18
25            <action android:name="android.intent.action.PROCESS_TEXT" />
25-->src/main/AndroidManifest.xml:41:13-72
25-->src/main/AndroidManifest.xml:41:21-70
26
27            <data android:mimeType="text/plain" />
27-->src/main/AndroidManifest.xml:42:13-50
27-->src/main/AndroidManifest.xml:42:19-48
28        </intent>
29        <intent>
29-->[com.razorpay:standard-core:1.6.46] AndroidManifest.xml:11:9-17:18
30            <action android:name="android.intent.action.VIEW" />
30-->[com.razorpay:standard-core:1.6.46] AndroidManifest.xml:12:13-65
30-->[com.razorpay:standard-core:1.6.46] AndroidManifest.xml:12:21-62
31
32            <data
32-->src/main/AndroidManifest.xml:42:13-50
33                android:mimeType="*/*"
33-->src/main/AndroidManifest.xml:42:19-48
34                android:scheme="*" />
35        </intent>
36        <intent>
36-->[com.razorpay:standard-core:1.6.46] AndroidManifest.xml:18:9-27:18
37            <action android:name="android.intent.action.VIEW" />
37-->[com.razorpay:standard-core:1.6.46] AndroidManifest.xml:12:13-65
37-->[com.razorpay:standard-core:1.6.46] AndroidManifest.xml:12:21-62
38
39            <category android:name="android.intent.category.BROWSABLE" />
39-->[com.razorpay:standard-core:1.6.46] AndroidManifest.xml:21:13-74
39-->[com.razorpay:standard-core:1.6.46] AndroidManifest.xml:21:23-71
40
41            <data
41-->src/main/AndroidManifest.xml:42:13-50
42                android:host="pay"
43                android:mimeType="*/*"
43-->src/main/AndroidManifest.xml:42:19-48
44                android:scheme="upi" />
45        </intent>
46        <intent>
46-->[com.razorpay:standard-core:1.6.46] AndroidManifest.xml:28:9-30:18
47            <action android:name="android.intent.action.MAIN" />
47-->[com.razorpay:standard-core:1.6.46] AndroidManifest.xml:29:13-65
47-->[com.razorpay:standard-core:1.6.46] AndroidManifest.xml:29:21-62
48        </intent>
49        <intent>
49-->[com.razorpay:standard-core:1.6.46] AndroidManifest.xml:31:9-35:18
50            <action android:name="android.intent.action.SEND" />
50-->[com.razorpay:standard-core:1.6.46] AndroidManifest.xml:32:13-65
50-->[com.razorpay:standard-core:1.6.46] AndroidManifest.xml:32:21-62
51
52            <data android:mimeType="*/*" />
52-->src/main/AndroidManifest.xml:42:13-50
52-->src/main/AndroidManifest.xml:42:19-48
53        </intent>
54        <intent>
54-->[com.razorpay:standard-core:1.6.46] AndroidManifest.xml:36:9-38:18
55            <action android:name="rzp.device_token.share" />
55-->[com.razorpay:standard-core:1.6.46] AndroidManifest.xml:37:13-61
55-->[com.razorpay:standard-core:1.6.46] AndroidManifest.xml:37:21-58
56        </intent>
57    </queries> <!-- Include required permissions for Google Maps API to run. -->
58    <uses-permission android:name="android.permission.ACCESS_NETWORK_STATE" />
58-->[com.google.android.gms:play-services-maps:17.0.0] AndroidManifest.xml:23:5-79
58-->[com.google.android.gms:play-services-maps:17.0.0] AndroidManifest.xml:23:22-76
59
60    <uses-feature
60-->[com.google.android.gms:play-services-maps:17.0.0] AndroidManifest.xml:26:5-28:35
61        android:glEsVersion="0x00020000"
61-->[com.google.android.gms:play-services-maps:17.0.0] AndroidManifest.xml:27:9-41
62        android:required="true" />
62-->[com.google.android.gms:play-services-maps:17.0.0] AndroidManifest.xml:28:9-32
63
64    <permission
64-->[androidx.core:core:1.13.1] AndroidManifest.xml:22:5-24:47
65        android:name="com.example.buildingmaterialusers.DYNAMIC_RECEIVER_NOT_EXPORTED_PERMISSION"
65-->[androidx.core:core:1.13.1] AndroidManifest.xml:23:9-81
66        android:protectionLevel="signature" />
66-->[androidx.core:core:1.13.1] AndroidManifest.xml:24:9-44
67
68    <uses-permission android:name="com.example.buildingmaterialusers.DYNAMIC_RECEIVER_NOT_EXPORTED_PERMISSION" />
68-->[androidx.core:core:1.13.1] AndroidManifest.xml:26:5-97
68-->[androidx.core:core:1.13.1] AndroidManifest.xml:26:22-94
69
70    <application
71        android:name="android.app.Application"
72        android:appComponentFactory="androidx.core.app.CoreComponentFactory"
72-->[androidx.core:core:1.13.1] AndroidManifest.xml:28:18-86
73        android:debuggable="true"
74        android:extractNativeLibs="true"
75        android:icon="@mipmap/ic_launcher"
76        android:label="buildingmaterialusers" >
77        <activity
78            android:name="com.example.buildingmaterialusers.MainActivity"
79            android:configChanges="orientation|keyboardHidden|keyboard|screenSize|smallestScreenSize|locale|layoutDirection|fontScale|screenLayout|density|uiMode"
80            android:exported="true"
81            android:hardwareAccelerated="true"
82            android:launchMode="singleTop"
83            android:taskAffinity=""
84            android:theme="@style/LaunchTheme"
85            android:windowSoftInputMode="adjustResize" >
86
87            <!--
88                 Specifies an Android theme to apply to this Activity as soon as
89                 the Android process has started. This theme is visible to the user
90                 while the Flutter UI initializes. After that, this theme continues
91                 to determine the Window background behind the Flutter UI.
92            -->
93            <meta-data
94                android:name="io.flutter.embedding.android.NormalTheme"
95                android:resource="@style/NormalTheme" />
96
97            <intent-filter>
98                <action android:name="android.intent.action.MAIN" />
98-->[com.razorpay:standard-core:1.6.46] AndroidManifest.xml:29:13-65
98-->[com.razorpay:standard-core:1.6.46] AndroidManifest.xml:29:21-62
99
100                <category android:name="android.intent.category.LAUNCHER" />
101            </intent-filter>
102        </activity>
103        <!--
104             Don't delete the meta-data below.
105             This is used by the Flutter tool to generate GeneratedPluginRegistrant.java
106        -->
107        <meta-data
108            android:name="flutterEmbedding"
109            android:value="2" />
110
111        <service
111-->[:geolocator_android] AndroidManifest.xml:8:9-12:56
112            android:name="com.baseflow.geolocator.GeolocatorLocationService"
112-->[:geolocator_android] AndroidManifest.xml:9:13-77
113            android:enabled="true"
113-->[:geolocator_android] AndroidManifest.xml:10:13-35
114            android:exported="false"
114-->[:geolocator_android] AndroidManifest.xml:11:13-37
115            android:foregroundServiceType="location" />
115-->[:geolocator_android] AndroidManifest.xml:12:13-53
116
117        <uses-library
117-->[androidx.window:window:1.2.0] AndroidManifest.xml:23:9-25:40
118            android:name="androidx.window.extensions"
118-->[androidx.window:window:1.2.0] AndroidManifest.xml:24:13-54
119            android:required="false" />
119-->[androidx.window:window:1.2.0] AndroidManifest.xml:25:13-37
120        <uses-library
120-->[androidx.window:window:1.2.0] AndroidManifest.xml:26:9-28:40
121            android:name="androidx.window.sidecar"
121-->[androidx.window:window:1.2.0] AndroidManifest.xml:27:13-51
122            android:required="false" />
122-->[androidx.window:window:1.2.0] AndroidManifest.xml:28:13-37
123
124        <receiver
124-->[com.razorpay:standard-core:1.6.46] AndroidManifest.xml:42:9-49:20
125            android:name="com.razorpay.RzpTokenReceiver"
125-->[com.razorpay:standard-core:1.6.46] AndroidManifest.xml:43:13-57
126            android:exported="true" >
126-->[com.razorpay:standard-core:1.6.46] AndroidManifest.xml:44:13-36
127            <intent-filter>
127-->[com.razorpay:standard-core:1.6.46] AndroidManifest.xml:46:13-48:29
128                <action android:name="rzp.device_token.share" />
128-->[com.razorpay:standard-core:1.6.46] AndroidManifest.xml:37:13-61
128-->[com.razorpay:standard-core:1.6.46] AndroidManifest.xml:37:21-58
129            </intent-filter>
130        </receiver>
131
132        <activity
132-->[com.razorpay:standard-core:1.6.46] AndroidManifest.xml:51:9-59:20
133            android:name="com.razorpay.CheckoutActivity"
133-->[com.razorpay:standard-core:1.6.46] AndroidManifest.xml:52:13-57
134            android:configChanges="keyboard|keyboardHidden|orientation|screenSize"
134-->[com.razorpay:standard-core:1.6.46] AndroidManifest.xml:53:13-83
135            android:exported="false"
135-->[com.razorpay:standard-core:1.6.46] AndroidManifest.xml:54:13-37
136            android:theme="@style/CheckoutTheme" >
136-->[com.razorpay:standard-core:1.6.46] AndroidManifest.xml:55:13-49
137            <intent-filter>
137-->[com.razorpay:standard-core:1.6.46] AndroidManifest.xml:56:13-58:29
138                <action android:name="android.intent.action.MAIN" />
138-->[com.razorpay:standard-core:1.6.46] AndroidManifest.xml:29:13-65
138-->[com.razorpay:standard-core:1.6.46] AndroidManifest.xml:29:21-62
139            </intent-filter>
140        </activity>
141
142        <provider
142-->[com.razorpay:standard-core:1.6.46] AndroidManifest.xml:61:9-69:20
143            android:name="androidx.startup.InitializationProvider"
143-->[com.razorpay:standard-core:1.6.46] AndroidManifest.xml:62:13-67
144            android:authorities="com.example.buildingmaterialusers.androidx-startup"
144-->[com.razorpay:standard-core:1.6.46] AndroidManifest.xml:63:13-68
145            android:exported="false" >
145-->[com.razorpay:standard-core:1.6.46] AndroidManifest.xml:64:13-37
146            <meta-data
146-->[com.razorpay:standard-core:1.6.46] AndroidManifest.xml:66:13-68:52
147                android:name="com.razorpay.RazorpayInitializer"
147-->[com.razorpay:standard-core:1.6.46] AndroidManifest.xml:67:17-64
148                android:value="androidx.startup" />
148-->[com.razorpay:standard-core:1.6.46] AndroidManifest.xml:68:17-49
149            <meta-data
149-->[androidx.lifecycle:lifecycle-process:2.7.0] AndroidManifest.xml:29:13-31:52
150                android:name="androidx.lifecycle.ProcessLifecycleInitializer"
150-->[androidx.lifecycle:lifecycle-process:2.7.0] AndroidManifest.xml:30:17-78
151                android:value="androidx.startup" />
151-->[androidx.lifecycle:lifecycle-process:2.7.0] AndroidManifest.xml:31:17-49
152            <meta-data
152-->[androidx.profileinstaller:profileinstaller:1.3.1] AndroidManifest.xml:29:13-31:52
153                android:name="androidx.profileinstaller.ProfileInstallerInitializer"
153-->[androidx.profileinstaller:profileinstaller:1.3.1] AndroidManifest.xml:30:17-85
154                android:value="androidx.startup" />
154-->[androidx.profileinstaller:profileinstaller:1.3.1] AndroidManifest.xml:31:17-49
155        </provider>
156
157        <activity
157-->[com.razorpay:standard-core:1.6.46] AndroidManifest.xml:71:9-74:75
158            android:name="com.razorpay.MagicXActivity"
158-->[com.razorpay:standard-core:1.6.46] AndroidManifest.xml:72:13-55
159            android:exported="false"
159-->[com.razorpay:standard-core:1.6.46] AndroidManifest.xml:73:13-37
160            android:theme="@android:style/Theme.Translucent.NoTitleBar" />
160-->[com.razorpay:standard-core:1.6.46] AndroidManifest.xml:74:13-72
161
162        <meta-data
162-->[com.razorpay:standard-core:1.6.46] AndroidManifest.xml:76:9-78:58
163            android:name="com.razorpay.plugin.googlepay_all"
163-->[com.razorpay:standard-core:1.6.46] AndroidManifest.xml:77:13-61
164            android:value="com.razorpay.RzpGpayMerged" />
164-->[com.razorpay:standard-core:1.6.46] AndroidManifest.xml:78:13-55
165
166        <activity
166-->[com.google.android.gms:play-services-auth:21.1.0] AndroidManifest.xml:23:9-27:75
167            android:name="com.google.android.gms.auth.api.signin.internal.SignInHubActivity"
167-->[com.google.android.gms:play-services-auth:21.1.0] AndroidManifest.xml:24:13-93
168            android:excludeFromRecents="true"
168-->[com.google.android.gms:play-services-auth:21.1.0] AndroidManifest.xml:25:13-46
169            android:exported="false"
169-->[com.google.android.gms:play-services-auth:21.1.0] AndroidManifest.xml:26:13-37
170            android:theme="@android:style/Theme.Translucent.NoTitleBar" />
170-->[com.google.android.gms:play-services-auth:21.1.0] AndroidManifest.xml:27:13-72
171        <!--
172            Service handling Google Sign-In user revocation. For apps that do not integrate with
173            Google Sign-In, this service will never be started.
174        -->
175        <service
175-->[com.google.android.gms:play-services-auth:21.1.0] AndroidManifest.xml:33:9-37:51
176            android:name="com.google.android.gms.auth.api.signin.RevocationBoundService"
176-->[com.google.android.gms:play-services-auth:21.1.0] AndroidManifest.xml:34:13-89
177            android:exported="true"
177-->[com.google.android.gms:play-services-auth:21.1.0] AndroidManifest.xml:35:13-36
178            android:permission="com.google.android.gms.auth.api.signin.permission.REVOCATION_NOTIFICATION"
178-->[com.google.android.gms:play-services-auth:21.1.0] AndroidManifest.xml:36:13-107
179            android:visibleToInstantApps="true" /> <!-- Needs to be explicitly declared on P+ -->
179-->[com.google.android.gms:play-services-auth:21.1.0] AndroidManifest.xml:37:13-48
180        <uses-library
180-->[com.google.android.gms:play-services-maps:17.0.0] AndroidManifest.xml:33:9-35:40
181            android:name="org.apache.http.legacy"
181-->[com.google.android.gms:play-services-maps:17.0.0] AndroidManifest.xml:34:13-50
182            android:required="false" />
182-->[com.google.android.gms:play-services-maps:17.0.0] AndroidManifest.xml:35:13-37
183
184        <activity
184-->[com.google.android.gms:play-services-base:18.3.0] AndroidManifest.xml:20:9-22:45
185            android:name="com.google.android.gms.common.api.GoogleApiActivity"
185-->[com.google.android.gms:play-services-base:18.3.0] AndroidManifest.xml:20:19-85
186            android:exported="false"
186-->[com.google.android.gms:play-services-base:18.3.0] AndroidManifest.xml:22:19-43
187            android:theme="@android:style/Theme.Translucent.NoTitleBar" />
187-->[com.google.android.gms:play-services-base:18.3.0] AndroidManifest.xml:21:19-78
188
189        <meta-data
189-->[com.google.android.gms:play-services-basement:18.3.0] AndroidManifest.xml:21:9-23:69
190            android:name="com.google.android.gms.version"
190-->[com.google.android.gms:play-services-basement:18.3.0] AndroidManifest.xml:22:13-58
191            android:value="@integer/google_play_services_version" />
191-->[com.google.android.gms:play-services-basement:18.3.0] AndroidManifest.xml:23:13-66
192
193        <receiver
193-->[androidx.profileinstaller:profileinstaller:1.3.1] AndroidManifest.xml:34:9-52:20
194            android:name="androidx.profileinstaller.ProfileInstallReceiver"
194-->[androidx.profileinstaller:profileinstaller:1.3.1] AndroidManifest.xml:35:13-76
195            android:directBootAware="false"
195-->[androidx.profileinstaller:profileinstaller:1.3.1] AndroidManifest.xml:36:13-44
196            android:enabled="true"
196-->[androidx.profileinstaller:profileinstaller:1.3.1] AndroidManifest.xml:37:13-35
197            android:exported="true"
197-->[androidx.profileinstaller:profileinstaller:1.3.1] AndroidManifest.xml:38:13-36
198            android:permission="android.permission.DUMP" >
198-->[androidx.profileinstaller:profileinstaller:1.3.1] AndroidManifest.xml:39:13-57
199            <intent-filter>
199-->[androidx.profileinstaller:profileinstaller:1.3.1] AndroidManifest.xml:40:13-42:29
200                <action android:name="androidx.profileinstaller.action.INSTALL_PROFILE" />
200-->[androidx.profileinstaller:profileinstaller:1.3.1] AndroidManifest.xml:41:17-91
200-->[androidx.profileinstaller:profileinstaller:1.3.1] AndroidManifest.xml:41:25-88
201            </intent-filter>
202            <intent-filter>
202-->[androidx.profileinstaller:profileinstaller:1.3.1] AndroidManifest.xml:43:13-45:29
203                <action android:name="androidx.profileinstaller.action.SKIP_FILE" />
203-->[androidx.profileinstaller:profileinstaller:1.3.1] AndroidManifest.xml:44:17-85
203-->[androidx.profileinstaller:profileinstaller:1.3.1] AndroidManifest.xml:44:25-82
204            </intent-filter>
205            <intent-filter>
205-->[androidx.profileinstaller:profileinstaller:1.3.1] AndroidManifest.xml:46:13-48:29
206                <action android:name="androidx.profileinstaller.action.SAVE_PROFILE" />
206-->[androidx.profileinstaller:profileinstaller:1.3.1] AndroidManifest.xml:47:17-88
206-->[androidx.profileinstaller:profileinstaller:1.3.1] AndroidManifest.xml:47:25-85
207            </intent-filter>
208            <intent-filter>
208-->[androidx.profileinstaller:profileinstaller:1.3.1] AndroidManifest.xml:49:13-51:29
209                <action android:name="androidx.profileinstaller.action.BENCHMARK_OPERATION" />
209-->[androidx.profileinstaller:profileinstaller:1.3.1] AndroidManifest.xml:50:17-95
209-->[androidx.profileinstaller:profileinstaller:1.3.1] AndroidManifest.xml:50:25-92
210            </intent-filter>
211        </receiver>
212    </application>
213
214</manifest>